Added Component: Designator=VD1(DIODE: SOD323)
Add component (AddParameter): Name = "Наименование"; Value = "1N4148"; VariantName = "[No Variations]"
Add component (AddParameter): Name = "Примечание"; Value = "SMD"; VariantName = "[No Variations]"
Added Component: Designator=VD2(DIODE: SOD323)
Add component (AddParameter): Name = "Наименование"; Value = "1N4148"; VariantName = "[No Variations]"
Add component (AddParameter): Name = "Примечание"; Value = "SMD"; VariantName = "[No Variations]"
Added Component: Designator=VD3(DIODE: SOD323)
Add component (AddParameter): Name = "Наименование"; Value = "1N4148"; VariantName = "[No Variations]"
Add component (AddParameter): Name = "Примечание"; Value = "SMD"; VariantName = "[No Variations]"
Added Component: Designator=VD4(DIODE: SOD323)
Add component (AddParameter): Name = "Наименование"; Value = "1N4148"; VariantName = "[No Variations]"
Add component (AddParameter): Name = "Примечание"; Value = "SMD"; VariantName = "[No Variations]"
Added Component: Designator=VD5(DIODE: SOD323)
Add component (AddParameter): Name = "Наименование"; Value = "1N4148"; VariantName = "[No Variations]"
Add component (AddParameter): Name = "Примечание"; Value = "SMD"; VariantName = "[No Variations]"
Added Component: Designator=VD6(DIODE: SOD323)
Add component (AddParameter): Name = "Наименование"; Value = "1N4148"; VariantName = "[No Variations]"
Add component (AddParameter): Name = "Примечание"; Value = "SMD"; VariantName = "[No Variations]"
Added Component: Designator=VD7(DIODE: SOD323)
Add component (AddParameter): Name = "Наименование"; Value = "1N4148"; VariantName = "[No Variations]"
Add component (AddParameter): Name = "Примечание"; Value = "SMD"; VariantName = "[No Variations]"
Added Component: Designator=VD8(DIODE: SOD323)
Add component (AddParameter): Name = "Наименование"; Value = "1N4148"; VariantName = "[No Variations]"
Add component (AddParameter): Name = "Примечание"; Value = "SMD"; VariantName = "[No Variations]"
Added Component: Designator=VD9(DIODE: SOD323)
Add component (AddParameter): Name = "Наименование"; Value = "1N4148"; VariantName = "[No Variations]"
Add component (AddParameter): Name = "Примечание"; Value = "SMD"; VariantName = "[No Variations]"
Added Component: Designator=VD10(DIODE: SOD323)
Add component (AddParameter): Name = "Наименование"; Value = "1N4148"; VariantName = "[No Variations]"
Add component (AddParameter): Name = "Примечание"; Value = "SMD"; VariantName = "[No Variations]"
Added Component: Designator=VD11(DIODE: SOD323)
Add component (AddParameter): Name = "Наименование"; Value = "1N4148"; VariantName = "[No Variations]"
Add component (AddParameter): Name = "Примечание"; Value = "SMD"; VariantName = "[No Variations]"
Added Component: Designator=VD12(DIODE: SOD323)
Add component (AddParameter): Name = "Наименование"; Value = "1N4148"; VariantName = "[No Variations]"
Add component (AddParameter): Name = "Примечание"; Value = "SMD"; VariantName = "[No Variations]"
Added Component: Designator=VD13(DIODE: SOD323)
Add component (AddParameter): Name = "Наименование"; Value = "1N4148"; VariantName = "[No Variations]"
Add component (AddParameter): Name = "Примечание"; Value = "SMD"; VariantName = "[No Variations]"
Added Component: Designator=VD14(DIODE: SOD323)
Add component (AddParameter): Name = "Наименование"; Value = "1N4148"; VariantName = "[No Variations]"
Add component (AddParameter): Name = "Примечание"; Value = "SMD"; VariantName = "[No Variations]"
Added Component: Designator=VD15(DIODE: SOD323)
Add component (AddParameter): Name = "Наименование"; Value = "1N4148"; VariantName = "[No Variations]"
Add component (AddParameter): Name = "Примечание"; Value = "SMD"; VariantName = "[No Variations]"
Added Component: Designator=VD16(DIODE: SOD323)
Add component (AddParameter): Name = "Наименование"; Value = "1N4148"; VariantName = "[No Variations]"
Add component (AddParameter): Name = "Примечание"; Value = "SMD"; VariantName = "[No Variations]"
Added Component: Designator=VD17(DIODE: SOD323)
Add component (AddParameter): Name = "Наименование"; Value = "1N4148"; VariantName = "[No Variations]"
Add component (AddParameter): Name = "Примечание"; Value = "SMD"; VariantName = "[No Variations]"
Added Component: Designator=VD18(DIODE: SOD323)
Add component (AddParameter): Name = "Наименование"; Value = "1N4148"; VariantName = "[No Variations]"
Add component (AddParameter): Name = "Примечание"; Value = "SMD"; VariantName = "[No Variations]"
Added Component: Designator=VD19(DIODE: SOD323)
Add component (AddParameter): Name = "Наименование"; Value = "1N4148"; VariantName = "[No Variations]"
Add component (AddParameter): Name = "Примечание"; Value = "SMD"; VariantName = "[No Variations]"
Added Component: Designator=VD20(DIODE: SOD323)
Add component (AddParameter): Name = "Наименование"; Value = "1N4148"; VariantName = "[No Variations]"
Add component (AddParameter): Name = "Примечание"; Value = "SMD"; VariantName = "[No Variations]"
Added Component: Designator=VD21(DIODE: SOD323)
Add component (AddParameter): Name = "Наименование"; Value = "1N4148"; VariantName = "[No Variations]"
Add component (AddParameter): Name = "Примечание"; Value = "SMD"; VariantName = "[No Variations]"
Added Component: Designator=VD22(DIODE: SOD323)
Add component (AddParameter): Name = "Наименование"; Value = "1N4148"; VariantName = "[No Variations]"
Add component (AddParameter): Name = "Примечание"; Value = "SMD"; VariantName = "[No Variations]"
Added Component: Designator=VD23(DIODE: SOD323)
Add component (AddParameter): Name = "Наименование"; Value = "1N4148"; VariantName = "[No Variations]"
Add component (AddParameter): Name = "Примечание"; Value = "SMD"; VariantName = "[No Variations]"
Added Component: Designator=VD24(DIODE: SOD323)
Add component (AddParameter): Name = "Наименование"; Value = "1N4148"; VariantName = "[No Variations]"
Add component (AddParameter): Name = "Примечание"; Value = "SMD"; VariantName = "[No Variations]"
Added Component: Designator=VD25(DIODE: SOD323)
Add component (AddParameter): Name = "Наименование"; Value = "1N4148"; VariantName = "[No Variations]"
Add component (AddParameter): Name = "Примечание"; Value = "SMD"; VariantName = "[No Variations]"
Added Component: Designator=VD26(DIODE: SOD323)
Add component (AddParameter): Name = "Наименование"; Value = "1N4148"; VariantName = "[No Variations]"
Add component (AddParameter): Name = "Примечание"; Value = "SMD"; VariantName = "[No Variations]"
Added Component: Designator=VD27(DIODE: SOD323)
Add component (AddParameter): Name = "Наименование"; Value = "1N4148"; VariantName = "[No Variations]"
Add component (AddParameter): Name = "Примечание"; Value = "SMD"; VariantName = "[No Variations]"
Added Component: Designator=VD28(DIODE: SOD323)
Add component (AddParameter): Name = "Наименование"; Value = "1N4148"; VariantName = "[No Variations]"
Add component (AddParameter): Name = "Примечание"; Value = "SMD"; VariantName = "[No Variations]"
Added Component: Designator=VD29(DIODE: SOD323)
Add component (AddParameter): Name = "Наименование"; Value = "1N4148"; VariantName = "[No Variations]"
Add component (AddParameter): Name = "Примечание"; Value = "SMD"; VariantName = "[No Variations]"
Added Component: Designator=VD30(DIODE: SOD323)
Add component (AddParameter): Name = "Наименование"; Value = "1N4148"; VariantName = "[No Variations]"
Add component (AddParameter): Name = "Примечание"; Value = "SMD"; VariantName = "[No Variations]"
Added Component: Designator=VD31(DIODE: SOD323)
Add component (AddParameter): Name = "Наименование"; Value = "1N4148"; VariantName = "[No Variations]"
Add component (AddParameter): Name = "Примечание"; Value = "SMD"; VariantName = "[No Variations]"
Added Component: Designator=VD32(DIODE: SOD323)
Add component (AddParameter): Name = "Наименование"; Value = "1N4148"; VariantName = "[No Variations]"
Add component (AddParameter): Name = "Примечание"; Value = "SMD"; VariantName = "[No Variations]"
Added Component: Designator=VD33(DIODE: SOD323)
Add component (AddParameter): Name = "Наименование"; Value = "1N4148"; VariantName = "[No Variations]"
Add component (AddParameter): Name = "Примечание"; Value = "SMD"; VariantName = "[No Variations]"
Added Component: Designator=VD34(DIODE: SOD323)
Add component (AddParameter): Name = "Наименование"; Value = "1N4148"; VariantName = "[No Variations]"
Add component (AddParameter): Name = "Примечание"; Value = "SMD"; VariantName = "[No Variations]"
Added Component: Designator=VD35(DIODE: SOD323)
Add component (AddParameter): Name = "Наименование"; Value = "1N4148"; VariantName = "[No Variations]"
Add component (AddParameter): Name = "Примечание"; Value = "SMD"; VariantName = "[No Variations]"
Added Component: Designator=VD36(DIODE: SOD323)
Add component (AddParameter): Name = "Наименование"; Value = "1N4148"; VariantName = "[No Variations]"
Add component (AddParameter): Name = "Примечание"; Value = "SMD"; VariantName = "[No Variations]"
Added Pin To Net: NetName=NetRY1_6 Pin=VD1-1
Added Pin To Net: NetName=+5V Pin=VD1-2
Added Pin To Net: NetName=NetRY2_6 Pin=VD2-1
Added Pin To Net: NetName=+5V Pin=VD2-2
Added Pin To Net: NetName=NetRY3_6 Pin=VD3-1
Added Pin To Net: NetName=+5V Pin=VD3-2
Added Pin To Net: NetName=NetRY4_6 Pin=VD4-1
Added Pin To Net: NetName=+5V Pin=VD4-2
Added Pin To Net: NetName=NetRY5_6 Pin=VD5-1
Added Pin To Net: NetName=+5V Pin=VD5-2
Added Pin To Net: NetName=NetRY6_6 Pin=VD6-1
Added Pin To Net: NetName=+5V Pin=VD6-2
Added Pin To Net: NetName=NetRY7_6 Pin=VD7-1
Added Pin To Net: NetName=+5V Pin=VD7-2
Added Pin To Net: NetName=NetRY8_6 Pin=VD8-1
Added Pin To Net: NetName=+5V Pin=VD8-2
Added Pin To Net: NetName=NetRY9_6 Pin=VD9-1
Added Pin To Net: NetName=+5V Pin=VD9-2
Added Pin To Net: NetName=NetRY10_6 Pin=VD10-1
Added Pin To Net: NetName=+5V Pin=VD10-2
Added Pin To Net: NetName=NetRY11_6 Pin=VD11-1
Added Pin To Net: NetName=+5V Pin=VD11-2
Added Pin To Net: NetName=NetRY12_6 Pin=VD12-1
Added Pin To Net: NetName=+5V Pin=VD12-2
Added Pin To Net: NetName=NetRY14_6 Pin=VD13-1
Added Pin To Net: NetName=+5V Pin=VD13-2
Added Pin To Net: NetName=NetRY15_6 Pin=VD14-1
Added Pin To Net: NetName=+5V Pin=VD14-2
Added Pin To Net: NetName=NetRY16_6 Pin=VD15-1
Added Pin To Net: NetName=+5V Pin=VD15-2
Added Pin To Net: NetName=NetRY17_6 Pin=VD16-1
Added Pin To Net: NetName=+5V Pin=VD16-2
Added Pin To Net: NetName=NetRY18_6 Pin=VD17-1
Added Pin To Net: NetName=+5V Pin=VD17-2
Added Pin To Net: NetName=NetRY19_6 Pin=VD19-1
Added Pin To Net: NetName=+5V Pin=VD19-2
Added Pin To Net: NetName=NetRY20_6 Pin=VD20-1
Added Pin To Net: NetName=+5V Pin=VD20-2
Added Pin To Net: NetName=NetRY21_6 Pin=VD21-1
Added Pin To Net: NetName=+5V Pin=VD21-2
Added Pin To Net: NetName=NetRY22_6 Pin=VD22-1
Added Pin To Net: NetName=+5V Pin=VD22-2
Added Pin To Net: NetName=NetRY23_6 Pin=VD23-1
Added Pin To Net: NetName=+5V Pin=VD23-2
Added Pin To Net: NetName=NetRY24_6 Pin=VD24-1
Added Pin To Net: NetName=+5V Pin=VD24-2
Added Pin To Net: NetName=NetRY25_6 Pin=VD25-1
Added Pin To Net: NetName=+5V Pin=VD25-2
Added Pin To Net: NetName=NetRY26_6 Pin=VD26-1
Added Pin To Net: NetName=+5V Pin=VD26-2
Added Pin To Net: NetName=NetRY27_6 Pin=VD27-1
Added Pin To Net: NetName=+5V Pin=VD27-2
Added Pin To Net: NetName=NetRY28_6 Pin=VD28-1
Added Pin To Net: NetName=+5V Pin=VD28-2
Added Pin To Net: NetName=NetRY29_6 Pin=VD29-1
Added Pin To Net: NetName=+5V Pin=VD29-2
Added Pin To Net: NetName=NetRY30_6 Pin=VD30-1
Added Pin To Net: NetName=+5V Pin=VD30-2
Added Pin To Net: NetName=NetRY31_6 Pin=VD31-1
Added Pin To Net: NetName=+5V Pin=VD31-2
Added Pin To Net: NetName=NetRY32_6 Pin=VD32-1
Added Pin To Net: NetName=+5V Pin=VD32-2
Added Pin To Net: NetName=NetRY33_6 Pin=VD33-1
Added Pin To Net: NetName=+5V Pin=VD33-2
Added Pin To Net: NetName=NetRY34_6 Pin=VD34-1
Added Pin To Net: NetName=+5V Pin=VD34-2
Added Pin To Net: NetName=NetRY35_6 Pin=VD35-1
Added Pin To Net: NetName=+5V Pin=VD35-2
Added Pin To Net: NetName=NetRY36_6 Pin=VD36-1
Added Pin To Net: NetName=+5V Pin=VD36-2
Added Member To Class: ClassName=2.NZPP Member=Component RY18 TRR-1A-05-D-00-R
Added Member To Class: ClassName=2.NZPP Member=Component RY19 TRR-1A-05-D-00-R
Added Member To Class: ClassName=2.NZPP Member=Component VD1 1N4148
Added Member To Class: ClassName=2.NZPP Member=Component VD2 1N4148
Added Member To Class: ClassName=2.NZPP Member=Component VD3 1N4148
Added Member To Class: ClassName=2.NZPP Member=Component VD4 1N4148
Added Member To Class: ClassName=2.NZPP Member=Component VD5 1N4148
Added Member To Class: ClassName=2.NZPP Member=Component VD6 1N4148
Added Member To Class: ClassName=2.NZPP Member=Component VD7 1N4148
Added Member To Class: ClassName=2.NZPP Member=Component VD8 1N4148
Added Member To Class: ClassName=2.NZPP Member=Component VD9 1N4148
Added Member To Class: ClassName=2.NZPP Member=Component VD10 1N4148
Added Member To Class: ClassName=2.NZPP Member=Component VD11 1N4148
Added Member To Class: ClassName=2.NZPP Member=Component VD12 1N4148
Added Member To Class: ClassName=2.NZPP Member=Component VD13 1N4148
Added Member To Class: ClassName=2.NZPP Member=Component VD14 1N4148
Added Member To Class: ClassName=2.NZPP Member=Component VD15 1N4148
Added Member To Class: ClassName=2.NZPP Member=Component VD16 1N4148
Added Member To Class: ClassName=2.NZPP Member=Component VD17 1N4148
Added Member To Class: ClassName=2.NZPP Member=Component VD18 1N4148
Added Member To Class: ClassName=2.NZPP Member=Component VD19 1N4148
Added Member To Class: ClassName=2.NZPP Member=Component VD20 1N4148
Added Member To Class: ClassName=2.NZPP Member=Component VD21 1N4148
Added Member To Class: ClassName=2.NZPP Member=Component VD22 1N4148
Added Member To Class: ClassName=2.NZPP Member=Component VD23 1N4148
Added Member To Class: ClassName=2.NZPP Member=Component VD24 1N4148
Added Member To Class: ClassName=2.NZPP Member=Component VD25 1N4148
Added Member To Class: ClassName=2.NZPP Member=Component VD26 1N4148
Added Member To Class: ClassName=2.NZPP Member=Component VD27 1N4148
Added Member To Class: ClassName=2.NZPP Member=Component VD28 1N4148
Added Member To Class: ClassName=2.NZPP Member=Component VD29 1N4148
Added Member To Class: ClassName=2.NZPP Member=Component VD30 1N4148
Added Member To Class: ClassName=2.NZPP Member=Component VD31 1N4148
Added Member To Class: ClassName=2.NZPP Member=Component VD32 1N4148
Added Member To Class: ClassName=2.NZPP Member=Component VD33 1N4148
Added Member To Class: ClassName=2.NZPP Member=Component VD34 1N4148
Added Member To Class: ClassName=2.NZPP Member=Component VD35 1N4148
Added Member To Class: ClassName=2.NZPP Member=Component VD36 1N4148
