Added Component: Designator=DD2(STM32F103C8T6)
Added Pin To Net: NetName=34 Pin=DD2-17
Added Pin To Net: NetName=33 Pin=DD2-18
Added Pin To Net: NetName=Storage_register Pin=DD2-26
Added Pin To Net: NetName=Shift_register Pin=DD2-27
Added Pin To Net: NetName=MOSI Pin=DD2-29
Added Pin To Net: NetName=TX1 Pin=DD2-31
Added Pin To Net: NetName=RX1 Pin=DD2-32
Added Pin To Net: NetName=35 Pin=DD2-43
Added Pin To Net: NetName=36 Pin=DD2-45
Added Pin To Net: NetName=GND Pin=DD2-A1
Added Pin To Net: NetName=GND Pin=DD2-A2
Added Pin To Net: NetName=+5V Pin=DD2-GND
Added Pin To Net: NetName=+5V Pin=DD2-GND
Added Pin To Net: NetName=+5V Pin=DD2-GND
Added Pin To Net: NetName=GND Pin=DD2-GND
Added Pin To Net: NetName=GND Pin=DD2-GND
Added Pin To Net: NetName=GND Pin=DD2-GND
Added Pin To Net: NetName=NetDD2_1 Pin=DD2-1
Added Pin To Net: NetName=NetDD2_1 Pin=HL1-1
Added Net: Name=NetDD2_1
Added Member To Class: ClassName=1.NZPP Member=Component DD2 STM32F103C8T6
