Change Component Comment : Designator=VD1 Old Comment=1N4148 New Comment=BAS316
Change Component Comment : Designator=VD2 Old Comment=1N4148 New Comment=BAS316
Change Component Comment : Designator=VD3 Old Comment=1N4148 New Comment=BAS316
Change Component Comment : Designator=VD4 Old Comment=1N4148 New Comment=BAS316
Change Component Comment : Designator=VD5 Old Comment=1N4148 New Comment=BAS316
Change Component Comment : Designator=VD6 Old Comment=1N4148 New Comment=BAS316
Change Component Comment : Designator=VD7 Old Comment=1N4148 New Comment=BAS316
Change Component Comment : Designator=VD8 Old Comment=1N4148 New Comment=BAS316
Change Component Comment : Designator=VD9 Old Comment=1N4148 New Comment=BAS316
Change Component Comment : Designator=VD10 Old Comment=1N4148 New Comment=BAS316
Change Component Comment : Designator=VD11 Old Comment=1N4148 New Comment=BAS316
Change Component Comment : Designator=VD12 Old Comment=1N4148 New Comment=BAS316
Change Component Comment : Designator=VD13 Old Comment=1N4148 New Comment=BAS316
Change Component Comment : Designator=VD14 Old Comment=1N4148 New Comment=BAS316
Change Component Comment : Designator=VD15 Old Comment=1N4148 New Comment=BAS316
Change Component Comment : Designator=VD16 Old Comment=1N4148 New Comment=BAS316
Change Component Comment : Designator=VD17 Old Comment=1N4148 New Comment=BAS316
Change Component Comment : Designator=VD18 Old Comment=1N4148 New Comment=BAS316
Change Component Comment : Designator=VD19 Old Comment=1N4148 New Comment=BAS316
Change Component Comment : Designator=VD20 Old Comment=1N4148 New Comment=BAS316
Change Component Comment : Designator=VD21 Old Comment=1N4148 New Comment=BAS316
Change Component Comment : Designator=VD22 Old Comment=1N4148 New Comment=BAS316
Change Component Comment : Designator=VD23 Old Comment=1N4148 New Comment=BAS316
Change Component Comment : Designator=VD24 Old Comment=1N4148 New Comment=BAS316
Change Component Comment : Designator=VD25 Old Comment=1N4148 New Comment=BAS316
Change Component Comment : Designator=VD26 Old Comment=1N4148 New Comment=BAS316
Change Component Comment : Designator=VD27 Old Comment=1N4148 New Comment=BAS316
Change Component Comment : Designator=VD28 Old Comment=1N4148 New Comment=BAS316
Change Component Comment : Designator=VD29 Old Comment=1N4148 New Comment=BAS316
Change Component Comment : Designator=VD30 Old Comment=1N4148 New Comment=BAS316
Change Component Comment : Designator=VD31 Old Comment=1N4148 New Comment=BAS316
Change Component Comment : Designator=VD32 Old Comment=1N4148 New Comment=BAS316
Change Component Comment : Designator=VD33 Old Comment=1N4148 New Comment=BAS316
Change Component Comment : Designator=VD34 Old Comment=1N4148 New Comment=BAS316
Change Component Comment : Designator=VD35 Old Comment=1N4148 New Comment=BAS316
Change Component Comment : Designator=VD36 Old Comment=1N4148 New Comment=BAS316
Added Component: Designator=DD2(STM32F103C8T6)
Added Pin To Net: NetName=NetDD2_2 Pin=DD2-2
Added Pin To Net: NetName=+5V Pin=DD2-5V
Added Pin To Net: NetName=34 Pin=DD2-18
Added Pin To Net: NetName=33 Pin=DD2-19
Added Pin To Net: NetName=Storage_register Pin=DD2-25
Added Pin To Net: NetName=Shift_register Pin=DD2-26
Added Pin To Net: NetName=MOSI Pin=DD2-28
Added Pin To Net: NetName=TX1 Pin=DD2-30
Added Pin To Net: NetName=RX1 Pin=DD2-31
Added Pin To Net: NetName=35 Pin=DD2-42
Added Pin To Net: NetName=36 Pin=DD2-43
Added Pin To Net: NetName=+3V3 Pin=DD2-A2
Added Pin To Net: NetName=GND Pin=DD2-GND
Added Pin To Net: NetName=GND Pin=DD2-GND
Added Pin To Net: NetName=GND Pin=DD2-GND
Added Member To Class: ClassName=1.NZPP Member=Component DD2 STM32F103C8T6
