Added Component: Designator=X1(CON: DB-9F)
Add component (AddParameter): Name = "Наименование"; Value = "DRB-9FA"; VariantName = "[No Variations]"
Add component (AddParameter): Name = "Примечание"; Value = ""; VariantName = "[No Variations]"
Added Component: Designator=X2(CON: SMA-KWHD)
Add component (AddParameter): Name = "Наименование"; Value = "DG350-3.5-02P-14"; VariantName = "[No Variations]"
Add component (AddParameter): Name = "Примечание"; Value = ""; VariantName = "[No Variations]"
Added Component: Designator=XP1(CON: DS210)
Add component (AddParameter): Name = "Value"; Value = "DS210"; VariantName = "[No Variations]"
Add component (AddParameter): Name = "Valuerus"; Value = "DS210"; VariantName = "[No Variations]"
Added Pin To Net: NetName=TX1 Pin=X1-1
Added Pin To Net: NetName=RX1 Pin=X1-2
Added Pin To Net: NetName=GND Pin=X1-3
Added Pin To Net: NetName=NET37 Pin=X2-1
Added Pin To Net: NetName=GND Pin=X2-2
Added Pin To Net: NetName=GND Pin=X2-2
Added Pin To Net: NetName=GND Pin=X2-2
Added Pin To Net: NetName=GND Pin=X2-2
Added Pin To Net: NetName=Vin Pin=XP1-1
Added Pin To Net: NetName=GND Pin=XP1-2
Added Member To Class: ClassName=1.NZPP Member=Component X1 DRB-9FA
Added Member To Class: ClassName=1.NZPP Member=Component X2 SMA-KWHD
Added Member To Class: ClassName=1.NZPP Member=Component XP1 DS210
